0 info it worked if it ends with ok
1 verbose cli [ 'node',
1 verbose cli   '/Users/paul/.node/bin/npm',
1 verbose cli   'install',
1 verbose cli   '--save',
1 verbose cli   'node-ovh' ]
2 info using npm@3.5.2
3 info using node@v0.10.45
4 verbose node symlink /usr/local/bin/node
5 silly loadCurrentTree Starting
6 silly install loadCurrentTree
7 silly install readLocalPackageData
8 silly fetchPackageMetaData node-ovh
9 silly fetchNamedPackageData node-ovh
10 silly mapToRegistry name node-ovh
11 silly mapToRegistry using default registry
12 silly mapToRegistry registry https://registry.npmjs.org/
13 silly mapToRegistry uri https://registry.npmjs.org/node-ovh
14 verbose request uri https://registry.npmjs.org/node-ovh
15 verbose request no auth needed
16 info attempt registry request try #1 at 15:44:05
17 verbose request using bearer token for auth
18 verbose request id 89229ba4ebc558f7
19 http request GET https://registry.npmjs.org/node-ovh
20 http 404 https://registry.npmjs.org/node-ovh
21 verbose headers { 'content-type': 'application/json',
21 verbose headers   'cache-control': 'max-age=0',
21 verbose headers   'content-length': '2',
21 verbose headers   'accept-ranges': 'bytes',
21 verbose headers   date: 'Tue, 21 Jun 2016 13:44:06 GMT',
21 verbose headers   via: '1.1 varnish',
21 verbose headers   connection: 'keep-alive',
21 verbose headers   'x-served-by': 'cache-lhr6323-LHR',
21 verbose headers   'x-cache': 'MISS',
21 verbose headers   'x-cache-hits': '0',
21 verbose headers   'x-timer': 'S1466516646.540207,VS0,VE183',
21 verbose headers   vary: 'Accept-Encoding' }
22 silly get cb [ 404,
22 silly get   { 'content-type': 'application/json',
22 silly get     'cache-control': 'max-age=0',
22 silly get     'content-length': '2',
22 silly get     'accept-ranges': 'bytes',
22 silly get     date: 'Tue, 21 Jun 2016 13:44:06 GMT',
22 silly get     via: '1.1 varnish',
22 silly get     connection: 'keep-alive',
22 silly get     'x-served-by': 'cache-lhr6323-LHR',
22 silly get     'x-cache': 'MISS',
22 silly get     'x-cache-hits': '0',
22 silly get     'x-timer': 'S1466516646.540207,VS0,VE183',
22 silly get     vary: 'Accept-Encoding' } ]
23 silly fetchPackageMetaData Error: Registry returned 404 for GET on https://registry.npmjs.org/node-ovh
23 silly fetchPackageMetaData     at makeError (/Users/paul/.node/lib/node_modules/npm/node_modules/npm-registry-client/lib/request.js:264:12)
23 silly fetchPackageMetaData     at CachingRegistryClient.<anonymous> (/Users/paul/.node/lib/node_modules/npm/node_modules/npm-registry-client/lib/request.js:242:14)
23 silly fetchPackageMetaData     at Request._callback (/Users/paul/.node/lib/node_modules/npm/node_modules/npm-registry-client/lib/request.js:172:14)
23 silly fetchPackageMetaData     at Request.self.callback (/Users/paul/.node/lib/node_modules/npm/node_modules/request/request.js:198:22)
23 silly fetchPackageMetaData     at Request.emit (events.js:98:17)
23 silly fetchPackageMetaData     at Request.<anonymous> (/Users/paul/.node/lib/node_modules/npm/node_modules/request/request.js:1082:10)
23 silly fetchPackageMetaData     at Request.emit (events.js:117:20)
23 silly fetchPackageMetaData     at IncomingMessage.<anonymous> (/Users/paul/.node/lib/node_modules/npm/node_modules/request/request.js:1009:12)
23 silly fetchPackageMetaData     at IncomingMessage.emit (events.js:117:20)
23 silly fetchPackageMetaData     at _stream_readable.js:944:16
23 silly fetchPackageMetaData  error for node-ovh { [Error: Registry returned 404 for GET on https://registry.npmjs.org/node-ovh] pkgid: 'node-ovh', statusCode: 404, code: 'E404' }
24 silly rollbackFailedOptional Starting
25 silly rollbackFailedOptional Finishing
26 silly runTopLevelLifecycles Starting
27 silly runTopLevelLifecycles Finishing
28 silly install printInstalled
29 verbose stack Error: Registry returned 404 for GET on https://registry.npmjs.org/node-ovh
29 verbose stack     at makeError (/Users/paul/.node/lib/node_modules/npm/node_modules/npm-registry-client/lib/request.js:264:12)
29 verbose stack     at CachingRegistryClient.<anonymous> (/Users/paul/.node/lib/node_modules/npm/node_modules/npm-registry-client/lib/request.js:242:14)
29 verbose stack     at Request._callback (/Users/paul/.node/lib/node_modules/npm/node_modules/npm-registry-client/lib/request.js:172:14)
29 verbose stack     at Request.self.callback (/Users/paul/.node/lib/node_modules/npm/node_modules/request/request.js:198:22)
29 verbose stack     at Request.emit (events.js:98:17)
29 verbose stack     at Request.<anonymous> (/Users/paul/.node/lib/node_modules/npm/node_modules/request/request.js:1082:10)
29 verbose stack     at Request.emit (events.js:117:20)
29 verbose stack     at IncomingMessage.<anonymous> (/Users/paul/.node/lib/node_modules/npm/node_modules/request/request.js:1009:12)
29 verbose stack     at IncomingMessage.emit (events.js:117:20)
29 verbose stack     at _stream_readable.js:944:16
30 verbose statusCode 404
31 verbose pkgid node-ovh
32 verbose cwd /Volumes/Paul/Repositories/checker-results/back
33 error Darwin 15.5.0
34 error argv "node" "/Users/paul/.node/bin/npm" "install" "--save" "node-ovh"
35 error node v0.10.45
36 error npm  v3.5.2
37 error code E404
38 error 404 Registry returned 404 for GET on https://registry.npmjs.org/node-ovh
39 error 404
40 error 404 'node-ovh' is not in the npm registry.
41 error 404 You should bug the author to publish it (or use the name yourself!)
42 error 404 Note that you can also install from a
43 error 404 tarball, folder, http url, or git url.
44 verbose exit [ 1, true ]
